[2023-12-08T23:17:48.880+0000] {manager.py:487} INFO - Processing files using up to 2 processes at a time 
[2023-12-08T23:17:48.881+0000] {manager.py:488} INFO - Process each file at most once every 10 seconds
[2023-12-08T23:17:48.881+0000] {manager.py:489} INFO - Checking for new files in /opt/airflow/dags every 300 seconds
[2023-12-08T23:17:48.882+0000] {manager.py:755} INFO - Searching for files in /opt/airflow/dags
[2023-12-08T23:17:48.885+0000] {manager.py:758} INFO - There are 0 files in /opt/airflow/dags
[2023-12-08T23:22:49.067+0000] {manager.py:755} INFO - Searching for files in /opt/airflow/dags
[2023-12-08T23:22:49.090+0000] {manager.py:758} INFO - There are 1 files in /opt/airflow/dags
[2023-12-08T23:22:51.971+0000] {manager.py:887} INFO - 
================================================================================
DAG File Processing Stats

File Path                        PID    Runtime      # DAGs    # Errors  Last Runtime    Last Run
-------------------------------  -----  ---------  --------  ----------  --------------  -------------------
/opt/airflow/dags/dag_insert.py                           0           1  1.84s           2023-12-08T23:22:50
================================================================================
[2023-12-08T23:23:22.525+0000] {manager.py:887} INFO - 
================================================================================
DAG File Processing Stats

File Path                        PID    Runtime      # DAGs    # Errors  Last Runtime    Last Run
-------------------------------  -----  ---------  --------  ----------  --------------  -------------------
/opt/airflow/dags/dag_insert.py                           0           1  1.21s           2023-12-08T23:23:13
================================================================================
[2023-12-08T23:23:52.568+0000] {manager.py:887} INFO - 
================================================================================
DAG File Processing Stats

File Path                        PID    Runtime      # DAGs    # Errors  Last Runtime    Last Run
-------------------------------  -----  ---------  --------  ----------  --------------  -------------------
/opt/airflow/dags/dag_insert.py                           0           1  1.19s           2023-12-08T23:23:47
================================================================================
[2023-12-08T23:24:22.935+0000] {manager.py:887} INFO - 
================================================================================
DAG File Processing Stats

File Path                          PID  Runtime      # DAGs    # Errors  Last Runtime    Last Run
-------------------------------  -----  ---------  --------  ----------  --------------  -------------------
/opt/airflow/dags/dag_insert.py    222  0.00s             0           1  3.91s           2023-12-08T23:24:12
================================================================================
[2023-12-08T23:24:53.630+0000] {manager.py:887} INFO - 
================================================================================
DAG File Processing Stats

File Path                        PID    Runtime      # DAGs    # Errors  Last Runtime    Last Run
-------------------------------  -----  ---------  --------  ----------  --------------  -------------------
/opt/airflow/dags/dag_insert.py                           0           1  1.28s           2023-12-08T23:24:46
================================================================================
[2023-12-08T23:25:23.648+0000] {manager.py:887} INFO - 
================================================================================
DAG File Processing Stats

File Path                        PID    Runtime      # DAGs    # Errors  Last Runtime    Last Run
-------------------------------  -----  ---------  --------  ----------  --------------  -------------------
/opt/airflow/dags/dag_insert.py                           0           1  1.20s           2023-12-08T23:25:16
================================================================================
[2023-12-08T23:25:54.312+0000] {manager.py:887} INFO - 
================================================================================
DAG File Processing Stats

File Path                        PID    Runtime      # DAGs    # Errors  Last Runtime    Last Run
-------------------------------  -----  ---------  --------  ----------  --------------  -------------------
/opt/airflow/dags/dag_insert.py                           0           1  1.22s           2023-12-08T23:25:50
================================================================================
[2023-12-08T23:26:24.357+0000] {manager.py:887} INFO - 
================================================================================
DAG File Processing Stats

File Path                          PID  Runtime      # DAGs    # Errors  Last Runtime    Last Run
-------------------------------  -----  ---------  --------  ----------  --------------  -------------------
/opt/airflow/dags/dag_insert.py    288  1.02s             0           1  1.20s           2023-12-08T23:26:13
================================================================================
[2023-12-08T23:26:55.108+0000] {manager.py:887} INFO - 
================================================================================
DAG File Processing Stats

File Path                        PID    Runtime      # DAGs    # Errors  Last Runtime    Last Run
-------------------------------  -----  ---------  --------  ----------  --------------  -------------------
/opt/airflow/dags/dag_insert.py                           0           1  1.23s           2023-12-08T23:26:47
================================================================================
[2023-12-08T23:27:25.842+0000] {manager.py:887} INFO - 
================================================================================
DAG File Processing Stats

File Path                        PID    Runtime      # DAGs    # Errors  Last Runtime    Last Run
-------------------------------  -----  ---------  --------  ----------  --------------  -------------------
/opt/airflow/dags/dag_insert.py                           0           1  3.98s           2023-12-08T23:27:23
================================================================================
[2023-12-08T23:27:49.465+0000] {manager.py:755} INFO - Searching for files in /opt/airflow/dags
[2023-12-08T23:27:49.477+0000] {manager.py:758} INFO - There are 1 files in /opt/airflow/dags
[2023-12-08T23:27:56.570+0000] {manager.py:887} INFO - 
================================================================================
DAG File Processing Stats

File Path                        PID    Runtime      # DAGs    # Errors  Last Runtime    Last Run
-------------------------------  -----  ---------  --------  ----------  --------------  -------------------
/opt/airflow/dags/dag_insert.py                           0           1  1.14s           2023-12-08T23:27:46
================================================================================
[2023-12-08T23:28:26.621+0000] {manager.py:887} INFO - 
================================================================================
DAG File Processing Stats

File Path                        PID    Runtime      # DAGs    # Errors  Last Runtime    Last Run
-------------------------------  -----  ---------  --------  ----------  --------------  -------------------
/opt/airflow/dags/dag_insert.py                           0           1  1.15s           2023-12-08T23:28:20
================================================================================
[2023-12-08T23:28:57.396+0000] {manager.py:887} INFO - 
================================================================================
DAG File Processing Stats

File Path                        PID    Runtime      # DAGs    # Errors  Last Runtime    Last Run
-------------------------------  -----  ---------  --------  ----------  --------------  -------------------
/opt/airflow/dags/dag_insert.py                           0           1  1.18s           2023-12-08T23:28:54
================================================================================
[2023-12-08T23:29:28.002+0000] {manager.py:887} INFO - 
================================================================================
DAG File Processing Stats

File Path                          PID  Runtime      # DAGs    # Errors  Last Runtime    Last Run
-------------------------------  -----  ---------  --------  ----------  --------------  -------------------
/opt/airflow/dags/dag_insert.py    384  0.73s             0           1  1.27s           2023-12-08T23:29:17
================================================================================
[2023-12-08T23:29:58.136+0000] {manager.py:887} INFO - 
================================================================================
DAG File Processing Stats

File Path                        PID    Runtime      # DAGs    # Errors  Last Runtime    Last Run
-------------------------------  -----  ---------  --------  ----------  --------------  -------------------
/opt/airflow/dags/dag_insert.py                           1           0  1.29s           2023-12-08T23:29:54
================================================================================
[2023-12-08T23:30:28.390+0000] {manager.py:887} INFO - 
================================================================================
DAG File Processing Stats

File Path                        PID    Runtime      # DAGs    # Errors  Last Runtime    Last Run
-------------------------------  -----  ---------  --------  ----------  --------------  -------------------
/opt/airflow/dags/dag_insert.py                           1           0  1.28s           2023-12-08T23:30:28
================================================================================
[2023-12-08T23:30:58.907+0000] {manager.py:887} INFO - 
================================================================================
DAG File Processing Stats

File Path                        PID    Runtime      # DAGs    # Errors  Last Runtime    Last Run
-------------------------------  -----  ---------  --------  ----------  --------------  -------------------
/opt/airflow/dags/dag_insert.py                           1           0  1.25s           2023-12-08T23:30:51
================================================================================
[2023-12-08T23:31:28.916+0000] {manager.py:887} INFO - 
================================================================================
DAG File Processing Stats

File Path                        PID    Runtime      # DAGs    # Errors  Last Runtime    Last Run
-------------------------------  -----  ---------  --------  ----------  --------------  -------------------
/opt/airflow/dags/dag_insert.py                           1           0  1.26s           2023-12-08T23:31:25
================================================================================
[2023-12-08T23:31:59.015+0000] {manager.py:887} INFO - 
================================================================================
DAG File Processing Stats

File Path                          PID  Runtime      # DAGs    # Errors  Last Runtime    Last Run
-------------------------------  -----  ---------  --------  ----------  --------------  -------------------
/opt/airflow/dags/dag_insert.py    471  1.01s             1           0  1.40s           2023-12-08T23:31:47
================================================================================
[2023-12-08T23:32:29.764+0000] {manager.py:887} INFO - 
================================================================================
DAG File Processing Stats

File Path                        PID    Runtime      # DAGs    # Errors  Last Runtime    Last Run
-------------------------------  -----  ---------  --------  ----------  --------------  -------------------
/opt/airflow/dags/dag_insert.py                           1           0  1.21s           2023-12-08T23:32:21
================================================================================
[2023-12-08T23:32:49.629+0000] {manager.py:755} INFO - Searching for files in /opt/airflow/dags
[2023-12-08T23:32:49.670+0000] {manager.py:758} INFO - There are 1 files in /opt/airflow/dags
[2023-12-08T23:32:59.810+0000] {manager.py:887} INFO - 
================================================================================
DAG File Processing Stats

File Path                        PID    Runtime      # DAGs    # Errors  Last Runtime    Last Run
-------------------------------  -----  ---------  --------  ----------  --------------  -------------------
/opt/airflow/dags/dag_insert.py                           1           0  1.28s           2023-12-08T23:32:56
================================================================================
[2023-12-08T23:33:30.617+0000] {manager.py:887} INFO - 
================================================================================
DAG File Processing Stats

File Path                          PID  Runtime      # DAGs    # Errors  Last Runtime    Last Run
-------------------------------  -----  ---------  --------  ----------  --------------  -------------------
/opt/airflow/dags/dag_insert.py    519  1.89s             1           0  1.15s           2023-12-08T23:33:18
================================================================================
[2023-12-08T23:34:00.670+0000] {manager.py:887} INFO - 
================================================================================
DAG File Processing Stats

File Path                        PID    Runtime      # DAGs    # Errors  Last Runtime    Last Run
-------------------------------  -----  ---------  --------  ----------  --------------  -------------------
/opt/airflow/dags/dag_insert.py                           1           0  2.55s           2023-12-08T23:33:56
================================================================================
[2023-12-08T23:34:30.817+0000] {manager.py:887} INFO - 
================================================================================
DAG File Processing Stats

File Path                        PID    Runtime      # DAGs    # Errors  Last Runtime    Last Run
-------------------------------  -----  ---------  --------  ----------  --------------  -------------------
/opt/airflow/dags/dag_insert.py                           1           0  1.30s           2023-12-08T23:34:30
================================================================================
[2023-12-08T23:35:01.417+0000] {manager.py:887} INFO - 
================================================================================
DAG File Processing Stats

File Path                        PID    Runtime      # DAGs    # Errors  Last Runtime    Last Run
-------------------------------  -----  ---------  --------  ----------  --------------  -------------------
/opt/airflow/dags/dag_insert.py                           1           0  1.22s           2023-12-08T23:34:53
================================================================================
[2023-12-08T23:35:31.577+0000] {manager.py:887} INFO - 
================================================================================
DAG File Processing Stats

File Path                        PID    Runtime      # DAGs    # Errors  Last Runtime    Last Run
-------------------------------  -----  ---------  --------  ----------  --------------  -------------------
/opt/airflow/dags/dag_insert.py                           1           0  1.35s           2023-12-08T23:35:27
================================================================================
[2023-12-08T23:36:01.669+0000] {manager.py:887} INFO - 
================================================================================
DAG File Processing Stats

File Path                          PID  Runtime      # DAGs    # Errors  Last Runtime    Last Run
-------------------------------  -----  ---------  --------  ----------  --------------  -------------------
/opt/airflow/dags/dag_insert.py    600  1.02s             1           0  1.23s           2023-12-08T23:35:50
================================================================================
[2023-12-08T23:36:32.406+0000] {manager.py:887} INFO - 
================================================================================
DAG File Processing Stats

File Path                        PID    Runtime      # DAGs    # Errors  Last Runtime    Last Run
-------------------------------  -----  ---------  --------  ----------  --------------  -------------------
/opt/airflow/dags/dag_insert.py                           1           0  1.23s           2023-12-08T23:36:24
================================================================================
[2023-12-08T23:37:03.171+0000] {manager.py:887} INFO - 
================================================================================
DAG File Processing Stats

File Path                        PID    Runtime      # DAGs    # Errors  Last Runtime    Last Run
-------------------------------  -----  ---------  --------  ----------  --------------  -------------------
/opt/airflow/dags/dag_insert.py                           1           0  1.24s           2023-12-08T23:37:01
================================================================================
[2023-12-08T23:37:33.276+0000] {manager.py:887} INFO - 
================================================================================
DAG File Processing Stats

File Path                        PID    Runtime      # DAGs    # Errors  Last Runtime    Last Run
-------------------------------  -----  ---------  --------  ----------  --------------  -------------------
/opt/airflow/dags/dag_insert.py                           1           0  1.25s           2023-12-08T23:37:24
================================================================================
[2023-12-08T23:37:49.704+0000] {manager.py:755} INFO - Searching for files in /opt/airflow/dags
[2023-12-08T23:37:49.743+0000] {manager.py:758} INFO - There are 2 files in /opt/airflow/dags
[2023-12-08T23:38:03.365+0000] {manager.py:887} INFO - 
================================================================================
DAG File Processing Stats

File Path                          PID    Runtime      # DAGs    # Errors  Last Runtime    Last Run
---------------------------------  -----  ---------  --------  ----------  --------------  -------------------
/opt/airflow/dags/dag_insert.py                             1           0  1.18s           2023-12-08T23:37:58
/opt/airflow/dags/dag_insert_p.py                           1           0  1.22s           2023-12-08T23:38:02
================================================================================
[2023-12-08T23:38:34.056+0000] {manager.py:887} INFO - 
================================================================================
DAG File Processing Stats

File Path                          PID    Runtime      # DAGs    # Errors  Last Runtime    Last Run
---------------------------------  -----  ---------  --------  ----------  --------------  -------------------
/opt/airflow/dags/dag_insert.py                             1           0  1.20s           2023-12-08T23:38:32
/opt/airflow/dags/dag_insert_p.py                           1           0  1.21s           2023-12-08T23:38:25
================================================================================
[2023-12-08T23:39:04.266+0000] {manager.py:887} INFO - 
================================================================================
DAG File Processing Stats

File Path                          PID    Runtime      # DAGs    # Errors  Last Runtime    Last Run
---------------------------------  -----  ---------  --------  ----------  --------------  -------------------
/opt/airflow/dags/dag_insert.py                             1           0  1.19s           2023-12-08T23:38:54
/opt/airflow/dags/dag_insert_p.py                           1           0  1.22s           2023-12-08T23:38:59
================================================================================
[2023-12-08T23:39:35.187+0000] {manager.py:887} INFO - 
================================================================================
DAG File Processing Stats

File Path                          PID    Runtime      # DAGs    # Errors  Last Runtime    Last Run
---------------------------------  -----  ---------  --------  ----------  --------------  -------------------
/opt/airflow/dags/dag_insert.py                             1           0  1.30s           2023-12-08T23:39:29
/opt/airflow/dags/dag_insert_p.py                           1           0  1.27s           2023-12-08T23:39:33
================================================================================
[2023-12-08T23:40:05.832+0000] {manager.py:887} INFO - 
================================================================================
DAG File Processing Stats

File Path                            PID  Runtime      # DAGs    # Errors  Last Runtime    Last Run
---------------------------------  -----  ---------  --------  ----------  --------------  -------------------
/opt/airflow/dags/dag_insert.py      798  1.01s             1           0  1.20s           2023-12-08T23:39:54
/opt/airflow/dags/dag_insert_p.py                           1           0  1.20s           2023-12-08T23:39:55
================================================================================
[2023-12-08T23:40:35.995+0000] {manager.py:887} INFO - 
================================================================================
DAG File Processing Stats

File Path                          PID    Runtime      # DAGs    # Errors  Last Runtime    Last Run
---------------------------------  -----  ---------  --------  ----------  --------------  -------------------
/opt/airflow/dags/dag_insert.py                             1           0  1.23s           2023-12-08T23:40:28
/opt/airflow/dags/dag_insert_p.py                           1           0  1.23s           2023-12-08T23:40:29
================================================================================
[2023-12-08T23:41:06.122+0000] {manager.py:887} INFO - 
================================================================================
DAG File Processing Stats

File Path                          PID    Runtime      # DAGs    # Errors  Last Runtime    Last Run
---------------------------------  -----  ---------  --------  ----------  --------------  -------------------
/opt/airflow/dags/dag_insert.py                             1           0  1.33s           2023-12-08T23:41:03
/opt/airflow/dags/dag_insert_p.py                           1           0  1.25s           2023-12-08T23:41:04
================================================================================
[2023-12-08T23:41:36.992+0000] {manager.py:887} INFO - 
================================================================================
DAG File Processing Stats

File Path                            PID  Runtime      # DAGs    # Errors  Last Runtime    Last Run
---------------------------------  -----  ---------  --------  ----------  --------------  -------------------
/opt/airflow/dags/dag_insert.py      894  1.04s             1           0  1.22s           2023-12-08T23:41:25
/opt/airflow/dags/dag_insert_p.py    898  0.01s             1           0  1.29s           2023-12-08T23:41:26
================================================================================
[2023-12-08T23:42:07.045+0000] {manager.py:887} INFO - 
================================================================================
DAG File Processing Stats

File Path                          PID    Runtime      # DAGs    # Errors  Last Runtime    Last Run
---------------------------------  -----  ---------  --------  ----------  --------------  -------------------
/opt/airflow/dags/dag_insert.py                             1           0  1.24s           2023-12-08T23:41:59
/opt/airflow/dags/dag_insert_p.py                           1           0  1.23s           2023-12-08T23:42:00
================================================================================
[2023-12-08T23:42:37.407+0000] {manager.py:887} INFO - 
================================================================================
DAG File Processing Stats

File Path                            PID  Runtime      # DAGs    # Errors  Last Runtime    Last Run
---------------------------------  -----  ---------  --------  ----------  --------------  -------------------
/opt/airflow/dags/dag_insert.py      942  15.94s            1           0  1.28s           2023-12-08T23:42:11
/opt/airflow/dags/dag_insert_p.py    946  14.92s            1           0  1.25s           2023-12-08T23:42:12
================================================================================
[2023-12-08T23:42:49.784+0000] {manager.py:755} INFO - Searching for files in /opt/airflow/dags
[2023-12-08T23:42:49.825+0000] {manager.py:758} INFO - There are 2 files in /opt/airflow/dags
[2023-12-08T23:43:07.957+0000] {manager.py:887} INFO - 
================================================================================
DAG File Processing Stats

File Path                          PID    Runtime      # DAGs    # Errors  Last Runtime    Last Run
---------------------------------  -----  ---------  --------  ----------  --------------  -------------------
/opt/airflow/dags/dag_insert.py                             1           0  3.32s           2023-12-08T23:43:05
/opt/airflow/dags/dag_insert_p.py                           1           0  2.22s           2023-12-08T23:43:04
================================================================================
[2023-12-08T23:43:38.610+0000] {manager.py:887} INFO - 
================================================================================
DAG File Processing Stats

File Path                            PID  Runtime      # DAGs    # Errors  Last Runtime    Last Run
---------------------------------  -----  ---------  --------  ----------  --------------  -------------------
/opt/airflow/dags/dag_insert.py      993  0.78s             1           0  1.25s           2023-12-08T23:43:27
/opt/airflow/dags/dag_insert_p.py    990  0.79s             1           0  1.26s           2023-12-08T23:43:27
================================================================================
[2023-12-08T23:44:08.758+0000] {manager.py:887} INFO - 
================================================================================
DAG File Processing Stats

File Path                          PID    Runtime      # DAGs    # Errors  Last Runtime    Last Run
---------------------------------  -----  ---------  --------  ----------  --------------  -------------------
/opt/airflow/dags/dag_insert.py                             1           0  1.27s           2023-12-08T23:44:01
/opt/airflow/dags/dag_insert_p.py                           1           0  1.28s           2023-12-08T23:44:01
================================================================================
[2023-12-08T23:44:38.964+0000] {manager.py:887} INFO - 
================================================================================
DAG File Processing Stats

File Path                          PID    Runtime      # DAGs    # Errors  Last Runtime    Last Run
---------------------------------  -----  ---------  --------  ----------  --------------  -------------------
/opt/airflow/dags/dag_insert.py                             1           0  1.26s           2023-12-08T23:44:36
/opt/airflow/dags/dag_insert_p.py                           1           0  1.28s           2023-12-08T23:44:36
================================================================================
[2023-12-08T23:45:09.157+0000] {manager.py:887} INFO - 
================================================================================
DAG File Processing Stats

File Path                            PID  Runtime      # DAGs    # Errors  Last Runtime    Last Run
---------------------------------  -----  ---------  --------  ----------  --------------  -------------------
/opt/airflow/dags/dag_insert.py     1089  0.00s             1           0  1.27s           2023-12-08T23:44:59
/opt/airflow/dags/dag_insert_p.py   1086  0.01s             1           0  1.28s           2023-12-08T23:44:59
================================================================================
[2023-12-08T23:45:39.435+0000] {manager.py:887} INFO - 
================================================================================
DAG File Processing Stats

File Path                          PID    Runtime      # DAGs    # Errors  Last Runtime    Last Run
---------------------------------  -----  ---------  --------  ----------  --------------  -------------------
/opt/airflow/dags/dag_insert.py                             1           0  1.36s           2023-12-08T23:45:33
/opt/airflow/dags/dag_insert_p.py                           1           0  1.38s           2023-12-08T23:45:33
================================================================================
[2023-12-08T23:46:09.801+0000] {manager.py:887} INFO - 
================================================================================
DAG File Processing Stats

File Path                            PID  Runtime      # DAGs    # Errors  Last Runtime    Last Run
---------------------------------  -----  ---------  --------  ----------  --------------  -------------------
/opt/airflow/dags/dag_insert.py                             1           0  3.58s           2023-12-08T23:46:09
/opt/airflow/dags/dag_insert_p.py   1146  3.59s             1           0  1.27s           2023-12-08T23:45:56
================================================================================
[2023-12-08T23:46:40.438+0000] {manager.py:887} INFO - 
================================================================================
DAG File Processing Stats

File Path                          PID    Runtime      # DAGs    # Errors  Last Runtime    Last Run
---------------------------------  -----  ---------  --------  ----------  --------------  -------------------
/opt/airflow/dags/dag_insert.py                             1           0  1.29s           2023-12-08T23:46:32
/opt/airflow/dags/dag_insert_p.py                           1           0  1.29s           2023-12-08T23:46:32
================================================================================
[2023-12-08T23:47:10.903+0000] {manager.py:887} INFO - 
================================================================================
DAG File Processing Stats

File Path                          PID    Runtime      # DAGs    # Errors  Last Runtime    Last Run
---------------------------------  -----  ---------  --------  ----------  --------------  -------------------
/opt/airflow/dags/dag_insert.py                             1           0  1.26s           2023-12-08T23:47:07
/opt/airflow/dags/dag_insert_p.py                           1           0  1.27s           2023-12-08T23:47:07
================================================================================
[2023-12-08T23:47:41.029+0000] {manager.py:887} INFO - 
================================================================================
DAG File Processing Stats

File Path                            PID  Runtime      # DAGs    # Errors  Last Runtime    Last Run
---------------------------------  -----  ---------  --------  ----------  --------------  -------------------
/opt/airflow/dags/dag_insert.py     1245  1.02s             1           0  1.22s           2023-12-08T23:47:29
/opt/airflow/dags/dag_insert_p.py   1242  1.03s             1           0  1.23s           2023-12-08T23:47:29
================================================================================
[2023-12-08T23:47:50.158+0000] {manager.py:755} INFO - Searching for files in /opt/airflow/dags
[2023-12-08T23:47:50.185+0000] {manager.py:758} INFO - There are 2 files in /opt/airflow/dags
[2023-12-08T23:48:11.156+0000] {manager.py:887} INFO - 
================================================================================
DAG File Processing Stats

File Path                          PID    Runtime      # DAGs    # Errors  Last Runtime    Last Run
---------------------------------  -----  ---------  --------  ----------  --------------  -------------------
/opt/airflow/dags/dag_insert.py                             1           0  1.31s           2023-12-08T23:48:04
/opt/airflow/dags/dag_insert_p.py                           1           0  1.33s           2023-12-08T23:48:04
================================================================================
[2023-12-08T23:48:41.489+0000] {manager.py:887} INFO - 
================================================================================
DAG File Processing Stats

File Path                          PID    Runtime      # DAGs    # Errors  Last Runtime    Last Run
---------------------------------  -----  ---------  --------  ----------  --------------  -------------------
/opt/airflow/dags/dag_insert.py                             1           0  1.34s           2023-12-08T23:48:38
/opt/airflow/dags/dag_insert_p.py                           1           0  1.35s           2023-12-08T23:48:38
================================================================================
[2023-12-08T23:49:11.496+0000] {manager.py:887} INFO - 
================================================================================
DAG File Processing Stats

File Path                            PID  Runtime      # DAGs    # Errors  Last Runtime    Last Run
---------------------------------  -----  ---------  --------  ----------  --------------  -------------------
/opt/airflow/dags/dag_insert.py     1341  0.01s             1           0  1.32s           2023-12-08T23:49:01
/opt/airflow/dags/dag_insert_p.py   1338  0.02s             1           0  1.29s           2023-12-08T23:49:01
================================================================================
[2023-12-08T23:49:41.627+0000] {manager.py:887} INFO - 
================================================================================
DAG File Processing Stats

File Path                          PID    Runtime      # DAGs    # Errors  Last Runtime    Last Run
---------------------------------  -----  ---------  --------  ----------  --------------  -------------------
/opt/airflow/dags/dag_insert.py                             1           0  1.32s           2023-12-08T23:49:37
/opt/airflow/dags/dag_insert_p.py                           1           0  1.26s           2023-12-08T23:49:37
================================================================================
[2023-12-08T23:50:11.873+0000] {manager.py:887} INFO - 
================================================================================
DAG File Processing Stats

File Path                          PID    Runtime      # DAGs    # Errors  Last Runtime    Last Run
---------------------------------  -----  ---------  --------  ----------  --------------  -------------------
/opt/airflow/dags/dag_insert.py                             1           0  1.36s           2023-12-08T23:50:11
/opt/airflow/dags/dag_insert_p.py                           1           0  1.37s           2023-12-08T23:50:11
================================================================================
[2023-12-08T23:50:42.558+0000] {manager.py:887} INFO - 
================================================================================
DAG File Processing Stats

File Path                          PID    Runtime      # DAGs    # Errors  Last Runtime    Last Run
---------------------------------  -----  ---------  --------  ----------  --------------  -------------------
/opt/airflow/dags/dag_insert.py                             1           0  1.28s           2023-12-08T23:50:34
/opt/airflow/dags/dag_insert_p.py                           1           0  1.29s           2023-12-08T23:50:34
================================================================================
[2023-12-08T23:51:12.752+0000] {manager.py:887} INFO - 
================================================================================
DAG File Processing Stats

File Path                          PID    Runtime      # DAGs    # Errors  Last Runtime    Last Run
---------------------------------  -----  ---------  --------  ----------  --------------  -------------------
/opt/airflow/dags/dag_insert.py                             1           0  1.20s           2023-12-08T23:51:10
/opt/airflow/dags/dag_insert_p.py                           1           0  1.23s           2023-12-08T23:51:08
================================================================================
[2023-12-08T23:51:42.783+0000] {manager.py:887} INFO - 
================================================================================
DAG File Processing Stats

File Path                            PID  Runtime      # DAGs    # Errors  Last Runtime    Last Run
---------------------------------  -----  ---------  --------  ----------  --------------  -------------------
/opt/airflow/dags/dag_insert.py                             1           0  1.25s           2023-12-08T23:51:33
/opt/airflow/dags/dag_insert_p.py   1494  1.02s             1           0  1.25s           2023-12-08T23:51:31
================================================================================
[2023-12-08T23:52:12.827+0000] {manager.py:887} INFO - 
================================================================================
DAG File Processing Stats

File Path                          PID    Runtime      # DAGs    # Errors  Last Runtime    Last Run
---------------------------------  -----  ---------  --------  ----------  --------------  -------------------
/opt/airflow/dags/dag_insert.py                             1           0  1.22s           2023-12-08T23:52:07
/opt/airflow/dags/dag_insert_p.py                           1           0  1.24s           2023-12-08T23:52:05
================================================================================
[2023-12-08T23:52:43.577+0000] {manager.py:887} INFO - 
================================================================================
DAG File Processing Stats

File Path                          PID    Runtime      # DAGs    # Errors  Last Runtime    Last Run
---------------------------------  -----  ---------  --------  ----------  --------------  -------------------
/opt/airflow/dags/dag_insert.py                             1           0  1.23s           2023-12-08T23:52:42
/opt/airflow/dags/dag_insert_p.py                           1           0  1.20s           2023-12-08T23:52:42
================================================================================
[2023-12-08T23:52:50.663+0000] {manager.py:755} INFO - Searching for files in /opt/airflow/dags
[2023-12-08T23:52:50.686+0000] {manager.py:758} INFO - There are 2 files in /opt/airflow/dags
[2023-12-08T23:53:14.535+0000] {manager.py:887} INFO - 
================================================================================
DAG File Processing Stats

File Path                          PID    Runtime      # DAGs    # Errors  Last Runtime    Last Run
---------------------------------  -----  ---------  --------  ----------  --------------  -------------------
/opt/airflow/dags/dag_insert.py                             1           0  1.29s           2023-12-08T23:53:05
/opt/airflow/dags/dag_insert_p.py                           1           0  1.28s           2023-12-08T23:53:05
================================================================================
[2023-12-08T23:53:44.541+0000] {manager.py:887} INFO - 
================================================================================
DAG File Processing Stats

File Path                          PID    Runtime      # DAGs    # Errors  Last Runtime    Last Run
---------------------------------  -----  ---------  --------  ----------  --------------  -------------------
/opt/airflow/dags/dag_insert.py                             1           0  1.25s           2023-12-08T23:53:39
/opt/airflow/dags/dag_insert_p.py                           1           0  1.26s           2023-12-08T23:53:39
================================================================================
[2023-12-08T23:54:14.836+0000] {manager.py:887} INFO - 
================================================================================
DAG File Processing Stats

File Path                          PID    Runtime      # DAGs    # Errors  Last Runtime    Last Run
---------------------------------  -----  ---------  --------  ----------  --------------  -------------------
/opt/airflow/dags/dag_insert.py                             1           0  1.49s           2023-12-08T23:54:14
/opt/airflow/dags/dag_insert_p.py                           1           0  1.49s           2023-12-08T23:54:14
================================================================================
[2023-12-08T23:54:44.963+0000] {manager.py:887} INFO - 
================================================================================
DAG File Processing Stats

File Path                          PID    Runtime      # DAGs    # Errors  Last Runtime    Last Run
---------------------------------  -----  ---------  --------  ----------  --------------  -------------------
/opt/airflow/dags/dag_insert.py                             1           0  1.36s           2023-12-08T23:54:37
/opt/airflow/dags/dag_insert_p.py                           1           0  1.37s           2023-12-08T23:54:37
================================================================================
[2023-12-08T23:55:15.317+0000] {manager.py:887} INFO - 
================================================================================
DAG File Processing Stats

File Path                          PID    Runtime      # DAGs    # Errors  Last Runtime    Last Run
---------------------------------  -----  ---------  --------  ----------  --------------  -------------------
/opt/airflow/dags/dag_insert.py                             1           0  1.27s           2023-12-08T23:55:11
/opt/airflow/dags/dag_insert_p.py                           1           0  1.28s           2023-12-08T23:55:11
================================================================================
[2023-12-08T23:55:45.821+0000] {manager.py:887} INFO - 
================================================================================
DAG File Processing Stats

File Path                          PID    Runtime      # DAGs    # Errors  Last Runtime    Last Run
---------------------------------  -----  ---------  --------  ----------  --------------  -------------------
/opt/airflow/dags/dag_insert.py                             1           0  1.26s           2023-12-08T23:55:36
/opt/airflow/dags/dag_insert_p.py                           1           0  1.26s           2023-12-08T23:55:36
================================================================================
[2023-12-08T23:56:15.994+0000] {manager.py:887} INFO - 
================================================================================
DAG File Processing Stats

File Path                          PID    Runtime      # DAGs    # Errors  Last Runtime    Last Run
---------------------------------  -----  ---------  --------  ----------  --------------  -------------------
/opt/airflow/dags/dag_insert.py                             1           0  1.27s           2023-12-08T23:56:11
/opt/airflow/dags/dag_insert_p.py                           1           0  1.28s           2023-12-08T23:56:11
================================================================================
[2023-12-08T23:56:46.259+0000] {manager.py:887} INFO - 
================================================================================
DAG File Processing Stats

File Path                          PID    Runtime      # DAGs    # Errors  Last Runtime    Last Run
---------------------------------  -----  ---------  --------  ----------  --------------  -------------------
/opt/airflow/dags/dag_insert.py                             1           0  1.27s           2023-12-08T23:56:45
/opt/airflow/dags/dag_insert_p.py                           1           0  1.28s           2023-12-08T23:56:45
================================================================================
[2023-12-08T23:57:16.320+0000] {manager.py:887} INFO - 
================================================================================
DAG File Processing Stats

File Path                          PID    Runtime      # DAGs    # Errors  Last Runtime    Last Run
---------------------------------  -----  ---------  --------  ----------  --------------  -------------------
/opt/airflow/dags/dag_insert.py                             1           0  1.31s           2023-12-08T23:57:15
/opt/airflow/dags/dag_insert_p.py                           1           0  1.25s           2023-12-08T23:57:08
================================================================================
[2023-12-08T23:57:46.436+0000] {manager.py:887} INFO - 
================================================================================
DAG File Processing Stats

File Path                          PID    Runtime      # DAGs    # Errors  Last Runtime    Last Run
---------------------------------  -----  ---------  --------  ----------  --------------  -------------------
/opt/airflow/dags/dag_insert.py                             1           0  1.21s           2023-12-08T23:57:38
/opt/airflow/dags/dag_insert_p.py                           1           0  1.26s           2023-12-08T23:57:42
================================================================================
[2023-12-08T23:57:51.478+0000] {manager.py:755} INFO - Searching for files in /opt/airflow/dags
[2023-12-08T23:57:51.499+0000] {manager.py:758} INFO - There are 2 files in /opt/airflow/dags
[2023-12-08T23:58:17.263+0000] {manager.py:887} INFO - 
================================================================================
DAG File Processing Stats

File Path                            PID  Runtime      # DAGs    # Errors  Last Runtime    Last Run
---------------------------------  -----  ---------  --------  ----------  --------------  -------------------
/opt/airflow/dags/dag_insert.py     1896  6.10s             1           0  1.36s           2023-12-08T23:58:01
/opt/airflow/dags/dag_insert_p.py   1900  2.03s             1           0  1.20s           2023-12-08T23:58:05
================================================================================
[2023-12-08T23:58:47.300+0000] {manager.py:887} INFO - 
================================================================================
DAG File Processing Stats

File Path                          PID    Runtime      # DAGs    # Errors  Last Runtime    Last Run
---------------------------------  -----  ---------  --------  ----------  --------------  -------------------
/opt/airflow/dags/dag_insert.py                             0           1  30.07s          2023-12-08T23:58:41
/opt/airflow/dags/dag_insert_p.py                           0           1  30.06s          2023-12-08T23:58:45
================================================================================
[2023-12-08T23:59:17.967+0000] {manager.py:887} INFO - 
================================================================================
DAG File Processing Stats

File Path                            PID  Runtime      # DAGs    # Errors  Last Runtime    Last Run
---------------------------------  -----  ---------  --------  ----------  --------------  -------------------
/opt/airflow/dags/dag_insert.py     1932  1.03s             1           0  1.23s           2023-12-08T23:59:06
/opt/airflow/dags/dag_insert_p.py   1936  0.00s             1           0  1.20s           2023-12-08T23:59:07
================================================================================
[2023-12-08T23:59:48.785+0000] {manager.py:887} INFO - 
================================================================================
DAG File Processing Stats

File Path                          PID    Runtime      # DAGs    # Errors  Last Runtime    Last Run
---------------------------------  -----  ---------  --------  ----------  --------------  -------------------
/opt/airflow/dags/dag_insert.py                             1           0  1.22s           2023-12-08T23:59:40
/opt/airflow/dags/dag_insert_p.py                           1           0  1.19s           2023-12-08T23:59:41
================================================================================
[2023-12-09T00:00:18.928+0000] {manager.py:887} INFO - 
================================================================================
DAG File Processing Stats

File Path                          PID    Runtime      # DAGs    # Errors  Last Runtime    Last Run
---------------------------------  -----  ---------  --------  ----------  --------------  -------------------
/opt/airflow/dags/dag_insert.py                             1           0  1.19s           2023-12-09T00:00:14
/opt/airflow/dags/dag_insert_p.py                           1           0  1.23s           2023-12-09T00:00:15
================================================================================
[2023-12-09T00:00:49.016+0000] {manager.py:887} INFO - 
================================================================================
DAG File Processing Stats

File Path                            PID  Runtime      # DAGs    # Errors  Last Runtime    Last Run
---------------------------------  -----  ---------  --------  ----------  --------------  -------------------
/opt/airflow/dags/dag_insert.py                             1           0  1.24s           2023-12-09T00:00:49
/opt/airflow/dags/dag_insert_p.py   2038  0.23s             1           0  1.24s           2023-12-09T00:00:38
================================================================================
[2023-12-09T00:01:19.850+0000] {manager.py:887} INFO - 
================================================================================
DAG File Processing Stats

File Path                          PID    Runtime      # DAGs    # Errors  Last Runtime    Last Run
---------------------------------  -----  ---------  --------  ----------  --------------  -------------------
/opt/airflow/dags/dag_insert.py                             1           0  4.32s           2023-12-09T00:01:14
/opt/airflow/dags/dag_insert_p.py                           1           0  1.25s           2023-12-09T00:01:12
================================================================================
[2023-12-09T00:01:49.963+0000] {manager.py:887} INFO - 
================================================================================
DAG File Processing Stats

File Path                          PID    Runtime      # DAGs    # Errors  Last Runtime    Last Run
---------------------------------  -----  ---------  --------  ----------  --------------  -------------------
/opt/airflow/dags/dag_insert.py                             1           0  1.22s           2023-12-09T00:01:48
/opt/airflow/dags/dag_insert_p.py                           1           0  1.22s           2023-12-09T00:01:46
================================================================================
[2023-12-09T00:02:20.123+0000] {manager.py:887} INFO - 
================================================================================
DAG File Processing Stats

File Path                          PID    Runtime      # DAGs    # Errors  Last Runtime    Last Run
---------------------------------  -----  ---------  --------  ----------  --------------  -------------------
/opt/airflow/dags/dag_insert.py                             1           0  1.30s           2023-12-09T00:02:13
/opt/airflow/dags/dag_insert_p.py                           1           0  1.31s           2023-12-09T00:02:13
================================================================================
[2023-12-09T00:02:50.297+0000] {manager.py:887} INFO - 
================================================================================
DAG File Processing Stats

File Path                          PID    Runtime      # DAGs    # Errors  Last Runtime    Last Run
---------------------------------  -----  ---------  --------  ----------  --------------  -------------------
/opt/airflow/dags/dag_insert.py                             1           0  1.24s           2023-12-09T00:02:47
/opt/airflow/dags/dag_insert_p.py                           1           0  1.25s           2023-12-09T00:02:47
================================================================================
[2023-12-09T00:02:52.073+0000] {manager.py:755} INFO - Searching for files in /opt/airflow/dags
[2023-12-09T00:02:52.093+0000] {manager.py:758} INFO - There are 2 files in /opt/airflow/dags
[2023-12-09T00:03:20.395+0000] {manager.py:887} INFO - 
================================================================================
DAG File Processing Stats

File Path                            PID  Runtime      # DAGs    # Errors  Last Runtime    Last Run
---------------------------------  -----  ---------  --------  ----------  --------------  -------------------
/opt/airflow/dags/dag_insert.py     2193  0.01s             1           0  1.39s           2023-12-09T00:03:10
/opt/airflow/dags/dag_insert_p.py   2190  0.02s             1           0  1.40s           2023-12-09T00:03:10
================================================================================
[2023-12-09T00:03:50.561+0000] {manager.py:887} INFO - 
================================================================================
DAG File Processing Stats

File Path                          PID    Runtime      # DAGs    # Errors  Last Runtime    Last Run
---------------------------------  -----  ---------  --------  ----------  --------------  -------------------
/opt/airflow/dags/dag_insert.py                             1           0  1.23s           2023-12-09T00:03:44
/opt/airflow/dags/dag_insert_p.py                           1           0  1.24s           2023-12-09T00:03:44
================================================================================
[2023-12-09T00:04:20.713+0000] {manager.py:887} INFO - 
================================================================================
DAG File Processing Stats

File Path                          PID    Runtime      # DAGs    # Errors  Last Runtime    Last Run
---------------------------------  -----  ---------  --------  ----------  --------------  -------------------
/opt/airflow/dags/dag_insert.py                             1           0  1.19s           2023-12-09T00:04:18
/opt/airflow/dags/dag_insert_p.py                           1           0  1.24s           2023-12-09T00:04:18
================================================================================
[2023-12-09T00:04:51.675+0000] {manager.py:887} INFO - 
================================================================================
DAG File Processing Stats

File Path                            PID  Runtime      # DAGs    # Errors  Last Runtime    Last Run
---------------------------------  -----  ---------  --------  ----------  --------------  -------------------
/opt/airflow/dags/dag_insert.py     2289  0.00s             1           0  1.27s           2023-12-09T00:04:41
/opt/airflow/dags/dag_insert_p.py   2286  0.01s             1           0  1.27s           2023-12-09T00:04:41
================================================================================
[2023-12-09T00:05:21.955+0000] {manager.py:887} INFO - 
================================================================================
DAG File Processing Stats

File Path                          PID    Runtime      # DAGs    # Errors  Last Runtime    Last Run
---------------------------------  -----  ---------  --------  ----------  --------------  -------------------
/opt/airflow/dags/dag_insert.py                             1           0  1.48s           2023-12-09T00:05:18
/opt/airflow/dags/dag_insert_p.py                           1           0  1.49s           2023-12-09T00:05:18
================================================================================
[2023-12-09T00:05:52.063+0000] {manager.py:887} INFO - 
================================================================================
DAG File Processing Stats

File Path                            PID  Runtime      # DAGs    # Errors  Last Runtime    Last Run
---------------------------------  -----  ---------  --------  ----------  --------------  -------------------
/opt/airflow/dags/dag_insert.py     2349  0.73s             1           0  1.28s           2023-12-09T00:05:41
/opt/airflow/dags/dag_insert_p.py   2346  0.74s             1           0  1.29s           2023-12-09T00:05:41
================================================================================
[2023-12-09T00:06:22.202+0000] {manager.py:887} INFO - 
================================================================================
DAG File Processing Stats

File Path                            PID  Runtime      # DAGs    # Errors  Last Runtime    Last Run
---------------------------------  -----  ---------  --------  ----------  --------------  -------------------
/opt/airflow/dags/dag_insert.py                             1           0  1.31s           2023-12-09T00:06:15
/opt/airflow/dags/dag_insert_p.py   2358  19.40s            1           0  1.26s           2023-12-09T00:05:52
================================================================================
[2023-12-09T00:06:52.281+0000] {manager.py:887} INFO - 
================================================================================
DAG File Processing Stats

File Path                            PID  Runtime      # DAGs    # Errors  Last Runtime    Last Run
---------------------------------  -----  ---------  --------  ----------  --------------  -------------------
/opt/airflow/dags/dag_insert.py     2394  4.04s             1           0  1.21s           2023-12-09T00:06:38
/opt/airflow/dags/dag_insert_p.py                           1           0  1.21s           2023-12-09T00:06:44
================================================================================
[2023-12-09T00:07:22.300+0000] {manager.py:887} INFO - 
================================================================================
DAG File Processing Stats

File Path                          PID    Runtime      # DAGs    # Errors  Last Runtime    Last Run
---------------------------------  -----  ---------  --------  ----------  --------------  -------------------
/opt/airflow/dags/dag_insert.py                             0           1  30.05s          2023-12-09T00:07:18
/opt/airflow/dags/dag_insert_p.py                           1           0  1.25s           2023-12-09T00:07:18
================================================================================
[2023-12-09T00:07:52.270+0000] {manager.py:755} INFO - Searching for files in /opt/airflow/dags
[2023-12-09T00:07:52.306+0000] {manager.py:758} INFO - There are 2 files in /opt/airflow/dags
[2023-12-09T00:07:52.313+0000] {manager.py:887} INFO - 
================================================================================
DAG File Processing Stats

File Path                            PID  Runtime      # DAGs    # Errors  Last Runtime    Last Run
---------------------------------  -----  ---------  --------  ----------  --------------  -------------------
/opt/airflow/dags/dag_insert.py     2445  1.05s             1           0  1.30s           2023-12-09T00:07:41
/opt/airflow/dags/dag_insert_p.py   2442  1.06s             1           0  1.31s           2023-12-09T00:07:41
================================================================================
[2023-12-09T00:08:22.814+0000] {manager.py:887} INFO - 
================================================================================
DAG File Processing Stats

File Path                          PID    Runtime      # DAGs    # Errors  Last Runtime    Last Run
---------------------------------  -----  ---------  --------  ----------  --------------  -------------------
/opt/airflow/dags/dag_insert.py                             1           0  3.86s           2023-12-09T00:08:18
/opt/airflow/dags/dag_insert_p.py                           1           0  3.55s           2023-12-09T00:08:17
================================================================================
[2023-12-09T00:08:52.915+0000] {manager.py:887} INFO - 
================================================================================
DAG File Processing Stats

File Path                          PID    Runtime      # DAGs    # Errors  Last Runtime    Last Run
---------------------------------  -----  ---------  --------  ----------  --------------  -------------------
/opt/airflow/dags/dag_insert.py                             1           0  1.20s           2023-12-09T00:08:52
/opt/airflow/dags/dag_insert_p.py                           1           0  1.31s           2023-12-09T00:08:51
================================================================================
[2023-12-09T00:09:22.956+0000] {manager.py:887} INFO - 
================================================================================
DAG File Processing Stats

File Path                          PID    Runtime      # DAGs    # Errors  Last Runtime    Last Run
---------------------------------  -----  ---------  --------  ----------  --------------  -------------------
/opt/airflow/dags/dag_insert.py                             1           0  1.20s           2023-12-09T00:09:14
/opt/airflow/dags/dag_insert_p.py                           1           0  1.21s           2023-12-09T00:09:14
================================================================================
[2023-12-09T00:09:53.801+0000] {manager.py:887} INFO - 
================================================================================
DAG File Processing Stats

File Path                          PID    Runtime      # DAGs    # Errors  Last Runtime    Last Run
---------------------------------  -----  ---------  --------  ----------  --------------  -------------------
/opt/airflow/dags/dag_insert.py                             1           0  1.21s           2023-12-09T00:09:49
/opt/airflow/dags/dag_insert_p.py                           1           0  1.25s           2023-12-09T00:09:49
================================================================================
[2023-12-09T00:10:23.998+0000] {manager.py:887} INFO - 
================================================================================
DAG File Processing Stats

File Path                            PID  Runtime      # DAGs    # Errors  Last Runtime    Last Run
---------------------------------  -----  ---------  --------  ----------  --------------  -------------------
/opt/airflow/dags/dag_insert.py     2601  1.26s             1           0  1.22s           2023-12-09T00:10:12
/opt/airflow/dags/dag_insert_p.py                           1           0  1.26s           2023-12-09T00:10:23
================================================================================
[2023-12-09T00:10:54.754+0000] {manager.py:887} INFO - 
================================================================================
DAG File Processing Stats

File Path                          PID    Runtime      # DAGs    # Errors  Last Runtime    Last Run
---------------------------------  -----  ---------  --------  ----------  --------------  -------------------
/opt/airflow/dags/dag_insert.py                             1           0  1.25s           2023-12-09T00:10:46
/opt/airflow/dags/dag_insert_p.py                           1           0  1.26s           2023-12-09T00:10:46
================================================================================
[2023-12-09T00:11:24.829+0000] {manager.py:887} INFO - 
================================================================================
DAG File Processing Stats

File Path                          PID    Runtime      # DAGs    # Errors  Last Runtime    Last Run
---------------------------------  -----  ---------  --------  ----------  --------------  -------------------
/opt/airflow/dags/dag_insert.py                             1           0  3.17s           2023-12-09T00:11:22
/opt/airflow/dags/dag_insert_p.py                           1           0  3.07s           2023-12-09T00:11:22
================================================================================
[2023-12-09T00:11:55.409+0000] {manager.py:887} INFO - 
================================================================================
DAG File Processing Stats

File Path                          PID    Runtime      # DAGs    # Errors  Last Runtime    Last Run
---------------------------------  -----  ---------  --------  ----------  --------------  -------------------
/opt/airflow/dags/dag_insert.py                             1           0  1.26s           2023-12-09T00:11:45
/opt/airflow/dags/dag_insert_p.py                           1           0  1.27s           2023-12-09T00:11:45
================================================================================
[2023-12-09T00:12:25.535+0000] {manager.py:887} INFO - 
================================================================================
DAG File Processing Stats

File Path                          PID    Runtime      # DAGs    # Errors  Last Runtime    Last Run
---------------------------------  -----  ---------  --------  ----------  --------------  -------------------
/opt/airflow/dags/dag_insert.py                             1           0  1.27s           2023-12-09T00:12:19
/opt/airflow/dags/dag_insert_p.py                           1           0  1.28s           2023-12-09T00:12:19
================================================================================
[2023-12-09T00:12:52.708+0000] {manager.py:755} INFO - Searching for files in /opt/airflow/dags
[2023-12-09T00:12:52.743+0000] {manager.py:758} INFO - There are 2 files in /opt/airflow/dags
[2023-12-09T00:12:56.024+0000] {manager.py:887} INFO - 
================================================================================
DAG File Processing Stats

File Path                          PID    Runtime      # DAGs    # Errors  Last Runtime    Last Run
---------------------------------  -----  ---------  --------  ----------  --------------  -------------------
/opt/airflow/dags/dag_insert.py                             1           0  1.24s           2023-12-09T00:12:54
/opt/airflow/dags/dag_insert_p.py                           1           0  1.25s           2023-12-09T00:12:54
================================================================================
[2023-12-09T00:13:26.293+0000] {manager.py:887} INFO - 
================================================================================
DAG File Processing Stats

File Path                          PID    Runtime      # DAGs    # Errors  Last Runtime    Last Run
---------------------------------  -----  ---------  --------  ----------  --------------  -------------------
/opt/airflow/dags/dag_insert.py                             1           0  1.40s           2023-12-09T00:13:17
/opt/airflow/dags/dag_insert_p.py                           1           0  1.41s           2023-12-09T00:13:17
================================================================================
[2023-12-09T00:13:56.485+0000] {manager.py:887} INFO - 
================================================================================
DAG File Processing Stats

File Path                          PID    Runtime      # DAGs    # Errors  Last Runtime    Last Run
---------------------------------  -----  ---------  --------  ----------  --------------  -------------------
/opt/airflow/dags/dag_insert.py                             1           0  1.27s           2023-12-09T00:13:51
/opt/airflow/dags/dag_insert_p.py                           1           0  1.28s           2023-12-09T00:13:51
================================================================================
[2023-12-09T00:14:27.034+0000] {manager.py:887} INFO - 
================================================================================
DAG File Processing Stats

File Path                            PID  Runtime      # DAGs    # Errors  Last Runtime    Last Run
---------------------------------  -----  ---------  --------  ----------  --------------  -------------------
/opt/airflow/dags/dag_insert.py     2853  2.85s             1           0  1.24s           2023-12-09T00:14:14
/opt/airflow/dags/dag_insert_p.py   2850  2.86s             1           0  1.25s           2023-12-09T00:14:14
================================================================================
[2023-12-09T00:14:57.234+0000] {manager.py:887} INFO - 
================================================================================
DAG File Processing Stats

File Path                          PID    Runtime      # DAGs    # Errors  Last Runtime    Last Run
---------------------------------  -----  ---------  --------  ----------  --------------  -------------------
/opt/airflow/dags/dag_insert.py                             1           0  1.37s           2023-12-09T00:14:51
/opt/airflow/dags/dag_insert_p.py                           1           0  1.40s           2023-12-09T00:14:51
================================================================================
[2023-12-09T00:15:27.277+0000] {manager.py:469} INFO - Exiting gracefully upon receiving signal 15
